# JRE version: OpenJDK Runtime Environment (17.0.7) (build 17.0.7+0-b2043.56-10550314)
# Java VM: OpenJDK 64-Bit Server VM (17.0.7+0-b2043.56-10550314, mixed mode, tiered, compressed oops, compressed class ptrs, g1 gc, windows-amd64)
GC Precious Log:
 CPUs: 4 total, 4 available
 Memory: 8026M
 Large Page Support: Disabled
 NUMA Support: Disabled
 Compressed Oops: Enabled (32-bit)
 Heap Region Size: 1M
 Heap Min Capacity: 8M
 Heap Initial Capacity: 126M
 Heap Max Capacity: 2G
 Pre-touch: Disabled
 Parallel Workers: 4
 Concurrent Workers: 1
 Concurrent Refinement Workers: 4
 Periodic GC: Disabled
Heap:
 garbage-first heap   total 278528K, used 146168K [0x0000000080000000, 0x0000000100000000)
  region size 1024K, 2 young (2048K), 2 survivors (2048K)
 Metaspace       used 115447K, committed 117184K, reserved 1179648K
  class space    used 15336K, committed 15936K, reserved 1048576K
GC Heap History (20 events):
Event: 2078.078 GC heap after
{Heap after GC invocations=96 (full 0):
 garbage-first heap   total 269312K, used 158801K [0x0000000080000000, 0x0000000100000000)
  region size 1024K, 6 young (6144K), 6 survivors (6144K)
 Metaspace       used 115731K, committed 116672K, reserved 1179648K
  class space    used 15442K, committed 15872K, reserved 1048576K
}
Event: 2432.637 GC heap before
{Heap before GC invocations=96 (full 0):
 garbage-first heap   total 269312K, used 165969K [0x0000000080000000, 0x0000000100000000)
  region size 1024K, 13 young (13312K), 6 survivors (6144K)
 Metaspace       used 115735K, committed 116672K, reserved 1179648K
  class space    used 15442K, committed 15872K, reserved 1048576K
}
Event: 2432.927 GC heap after
{Heap after GC invocations=97 (full 0):
 garbage-first heap   total 269312K, used 159293K [0x0000000080000000, 0x0000000100000000)
  region size 1024K, 1 young (1024K), 1 survivors (1024K)
 Metaspace       used 115735K, committed 116672K, reserved 1179648K
  class space    used 15442K, committed 15872K, reserved 1048576K
}
Event: 3074.710 GC heap before
{Heap before GC invocations=97 (full 0):
 garbage-first heap   total 269312K, used 171581K [0x0000000080000000, 0x0000000100000000)
  region size 1024K, 13 young (13312K), 1 survivors (1024K)
 Metaspace       used 115768K, committed 116736K, reserved 1179648K
  class space    used 15442K, committed 15872K, reserved 1048576K
}
Event: 3074.757 GC heap after
{Heap after GC invocations=98 (full 0):
 garbage-first heap   total 269312K, used 158708K [0x0000000080000000, 0x0000000100000000)
  region size 1024K, 1 young (1024K), 1 survivors (1024K)
 Metaspace       used 115768K, committed 116736K, reserved 1179648K
  class space    used 15442K, committed 15872K, reserved 1048576K
}
Event: 3195.201 GC heap before
{Heap before GC invocations=98 (full 0):
 garbage-first heap   total 269312K, used 170996K [0x0000000080000000, 0x0000000100000000)
  region size 1024K, 13 young (13312K), 1 survivors (1024K)
 Metaspace       used 115887K, committed 116800K, reserved 1179648K
  class space    used 15459K, committed 15872K, reserved 1048576K
}
Event: 3195.244 GC heap after
{Heap after GC invocations=99 (full 0):
 garbage-first heap   total 269312K, used 160724K [0x0000000080000000, 0x0000000100000000)
  region size 1024K, 2 young (2048K), 2 survivors (2048K)
 Metaspace       used 115887K, committed 116800K, reserved 1179648K
  class space    used 15459K, committed 15872K, reserved 1048576K
}
Event: 3196.061 GC heap before
{Heap before GC invocations=99 (full 0):
 garbage-first heap   total 269312K, used 169940K [0x0000000080000000, 0x0000000100000000)
  region size 1024K, 12 young (12288K), 2 survivors (2048K)
 Metaspace       used 116012K, committed 116928K, reserved 1179648K
  class space    used 15478K, committed 15936K, reserved 1048576K
}
Event: 3196.115 GC heap after
{Heap after GC invocations=100 (full 0):
 garbage-first heap   total 269312K, used 161547K [0x0000000080000000, 0x0000000100000000)
  region size 1024K, 1 young (1024K), 1 survivors (1024K)
 Metaspace       used 116012K, committed 116928K, reserved 1179648K
  class space    used 15478K, committed 15936K, reserved 1048576K
}
Event: 3199.006 GC heap before
{Heap before GC invocations=101 (full 0):
 garbage-first heap   total 278528K, used 173835K [0x0000000080000000, 0x0000000100000000)
  region size 1024K, 13 young (13312K), 1 survivors (1024K)
 Metaspace       used 115425K, committed 117184K, reserved 1179648K
  class space    used 15334K, committed 15936K, reserved 1048576K
}
Event: 3199.012 GC heap after
{Heap after GC invocations=102 (full 0):
 garbage-first heap   total 278528K, used 162472K [0x0000000080000000, 0x0000000100000000)
  region size 1024K, 2 young (2048K), 2 survivors (2048K)
 Metaspace       used 115425K, committed 117184K, reserved 1179648K
  class space    used 15334K, committed 15936K, reserved 1048576K
}
Event: 3199.382 GC heap before
{Heap before GC invocations=102 (full 0):
 garbage-first heap   total 278528K, used 173736K [0x0000000080000000, 0x0000000100000000)
  region size 1024K, 13 young (13312K), 2 survivors (2048K)
 Metaspace       used 115427K, committed 117184K, reserved 1179648K
  class space    used 15334K, committed 15936K, reserved 1048576K
}
Event: 3199.405 GC heap after
{Heap after GC invocations=103 (full 0):
 garbage-first heap   total 278528K, used 158191K [0x0000000080000000, 0x0000000100000000)
  region size 1024K, 1 young (1024K), 1 survivors (1024K)
 Metaspace       used 115427K, committed 117184K, reserved 1179648K
  class space    used 15334K, committed 15936K, reserved 1048576K
}
Event: 3199.540 GC heap before
{Heap before GC invocations=103 (full 0):
 garbage-first heap   total 278528K, used 170479K [0x0000000080000000, 0x0000000100000000)
  region size 1024K, 13 young (13312K), 1 survivors (1024K)
 Metaspace       used 115432K, committed 117184K, reserved 1179648K
  class space    used 15334K, committed 15936K, reserved 1048576K
}
Event: 3199.549 GC heap after
{Heap after GC invocations=104 (full 0):
 garbage-first heap   total 278528K, used 154276K [0x0000000080000000, 0x0000000100000000)
  region size 1024K, 1 young (1024K), 1 survivors (1024K)
 Metaspace       used 115432K, committed 117184K, reserved 1179648K
  class space    used 15334K, committed 15936K, reserved 1048576K
}
Event: 3199.681 GC heap before
{Heap before GC invocations=104 (full 0):
 garbage-first heap   total 278528K, used 166564K [0x0000000080000000, 0x0000000100000000)
  region size 1024K, 13 young (13312K), 1 survivors (1024K)
 Metaspace       used 115432K, committed 117184K, reserved 1179648K
  class space    used 15334K, committed 15936K, reserved 1048576K
}
Event: 3199.694 GC heap after
{Heap after GC invocations=105 (full 0):
 garbage-first heap   total 278528K, used 150916K [0x0000000080000000, 0x0000000100000000)
  region size 1024K, 2 young (2048K), 2 survivors (2048K)
 Metaspace       used 115432K, committed 117184K, reserved 1179648K
  class space    used 15334K, committed 15936K, reserved 1048576K
}
Event: 3199.799 GC heap before
{Heap before GC invocations=105 (full 0):
 garbage-first heap   total 278528K, used 162180K [0x0000000080000000, 0x0000000100000000)
  region size 1024K, 13 young (13312K), 2 survivors (2048K)
 Metaspace       used 115432K, committed 117184K, reserved 1179648K
  class space    used 15334K, committed 15936K, reserved 1048576K
}
Event: 3199.826 GC heap after
{Heap after GC invocations=106 (full 0):
 garbage-first heap   total 278528K, used 148735K [0x0000000080000000, 0x0000000100000000)
  region size 1024K, 2 young (2048K), 2 survivors (2048K)
 Metaspace       used 115432K, committed 117184K, reserved 1179648K
  class space    used 15334K, committed 15936K, reserved 1048576K
}
Event: 3200.237 GC heap before
{Heap before GC invocations=106 (full 0):
 garbage-first heap   total 278528K, used 159999K [0x0000000080000000, 0x0000000100000000)
  region size 1024K, 13 young (13312K), 2 survivors (2048K)
 Metaspace       used 115447K, committed 117184K, reserved 1179648K
  class space    used 15336K, committed 15936K, reserved 1048576K
}

